<?xml version="1.0" encoding="UTF-8"?>
<testng-results skipped="0" failed="0" total="1" passed="1">
  <reporter-output>
  </reporter-output>
  <suite name="blagTest" duration-ms="21181" started-at="2018-05-10T10:59:54Z" finished-at="2018-05-10T11:00:15Z">
    <groups>
    </groups>
    <test name="testcase" duration-ms="21181" started-at="2018-05-10T10:59:54Z" finished-at="2018-05-10T11:00:15Z">
      <class name="testcase.post">
        <test-method status="PASS" signature="setUp()[pri:0, instance:testcase.post@12050f6]" name="setUp" is-config="true" duration-ms="8443" started-at="2018-05-10T18:59:54Z" finished-at="2018-05-10T19:00:03Z">
          <reporter-output>
          </reporter-output>
        </test-method> <!-- setUp -->
        <test-method status="PASS" signature="postTest()[pri:0, instance:testcase.post@12050f6]" name="postTest" duration-ms="11843" started-at="2018-05-10T19:00:03Z" finished-at="2018-05-10T19:00:14Z">
          <reporter-output>
          </reporter-output>
        </test-method> <!-- postTest -->
        <test-method status="PASS" signature="clearDown()[pri:0, instance:testcase.post@12050f6]" name="clearDown" is-config="true" duration-ms="861" started-at="2018-05-10T19:00:14Z" finished-at="2018-05-10T19:00:15Z">
          <reporter-output>
          </reporter-output>
        </test-method> <!-- clearDown -->
      </class> <!-- testcase.post -->
    </test> <!-- testcase -->
  </suite> <!-- blagTest -->
</testng-results>
